Process
=======
clearLog

Command Line
============
/home/lcs/.gluon/substrate/Android/platform-tools/adb logcat -c

Output
======
* daemon not running; starting now at tcp:5037
ADB server didn't ACK
Full server startup log: /tmp/adb.1000.log
Server had pid: 13264
--- adb starting (pid 13264) ---
adb I 04-23 20:53:19 13264 13264 main.cpp:62] Android Debug Bridge version 1.0.41
adb I 04-23 20:53:19 13264 13264 main.cpp:62] Version 30.0.0-6374843
adb I 04-23 20:53:19 13264 13264 main.cpp:62] Installed as /home/lcs/.gluon/substrate/Android/platform-tools/adb
adb I 04-23 20:53:19 13264 13264 main.cpp:62] 
adb I 04-23 20:53:19 13263 13263 auth.cpp:417] adb_auth_init...
adb I 04-23 20:53:19 13263 13263 auth.cpp:220] User key '/home/lcs/.android/adbkey' does not exist...
adb I 04-23 20:53:19 13263 13263 auth.cpp:64] generate_key(/home/lcs/.android/adbkey)...
adb I 04-23 20:53:19 13263 13263 auth.cpp:152] loaded new key from '/home/lcs/.android/adbkey' with fingerprint C28DD3496497467FC64F36A3227AF710CF9B45F975FF528B5A5D9A27B4AAE6E8
adb I 04-23 20:53:19 13263 13263 auth.cpp:392] adb_auth_inotify_init...
adb F 04-23 20:53:20 13264 13264 main.cpp:148] could not install *smartsocket* listener: Address already in use

* failed to start daemon
- waiting for device -
error: cannot connect to daemon


Result
======
result: 1